<?xml version="1.0" encoding="UTF-8"?>
<!-- Generated by org.testng.reporters.JUnitReportReporter -->
<testsuite hostname="Tejas" failures="0" tests="1" name="TestCases.TestLoginFunctionalityWithValidCredentials" time="6.008" errors="0" timestamp="2022-05-07T21:52:34 IST" skipped="0">
  <testcase classname="TestCases.TestLoginFunctionalityWithValidCredentials" name="TestLoginWithValidCredentials" time="6.008"/>
  <system-out/>
</testsuite> <!-- TestCases.TestLoginFunctionalityWithValidCredentials -->
