<?xml version="1.0" encoding="UTF-8"?>
<!-- Generated by org.testng.reporters.JUnitReportReporter -->
<testsuite hostname="Tejas" failures="0" tests="1" name="TestCases.TestToTakeScreenshot" time="0.254" errors="0" timestamp="2022-06-16T18:47:26 IST" skipped="0">
  <testcase classname="TestCases.TestToTakeScreenshot" name="FullPage" time="0.254"/>
  <system-out/>
</testsuite> <!-- TestCases.TestToTakeScreenshot -->
