<?xml version="1.0" encoding="UTF-8"?>
<!-- Generated by org.testng.reporters.JUnitReportReporter -->
<testsuite hostname="LPTSEPT12" failures="0" tests="1" name="TestCases.TestLoginFunctionalityWithoutFramework" time="4.482" errors="0" timestamp="2022-04-11T20:43:15 IST" skipped="0">
  <testcase classname="TestCases.TestLoginFunctionalityWithoutFramework" name="CheckIfElementIsPresent" time="4.482"/>
  <system-out/>
</testsuite> <!-- TestCases.TestLoginFunctionalityWithoutFramework -->
